<?xml version="1.0" encoding="UTF-8"?>
<!-- Generated by org.testng.reporters.JUnitXMLReporter -->
<testsuite ignored="0" hostname="Deepu" failures="0" tests="5" name="TestNG" time="51.469" errors="0" timestamp="2023-02-11T14:54:45 EST">
  <testcase classname="testLayer.LoginTestcases" name="title" time="0.019"/>
  <testcase classname="testLayer.LoginTestcases" name="login" time="4.36"/>
  <testcase classname="testLayer.LoginTestcases" name="login" time="4.25"/>
  <testcase classname="testLayer.LoginTestcases" name="login" time="4.275"/>
  <testcase classname="testLayer.LoginTestcases" name="login" time="4.332"/>
</testsuite> <!-- TestNG -->
