<?xml version="1.0" encoding="UTF-8"?>
<!-- Generated by org.testng.reporters.JUnitXMLReporter -->
<testsuite ignored="0" hostname="Deepu" failures="0" tests="4" name="Default test" time="41.684" errors="0" timestamp="2023-02-11T11:56:21 EST">
  <testcase classname="testLayer.LoginTestcases" name="title" time="0.016"/>
  <testcase classname="testLayer.LoginTestcases" name="login" time="4.318"/>
  <testcase classname="testLayer.LoginTestcases" name="login" time="4.368"/>
  <testcase classname="testLayer.LoginTestcases" name="login" time="4.346"/>
</testsuite> <!-- Default test -->
